Processing file: updates/2025-04-22.md
Sending text chunk:
** NEW POST 11  **
{"ok":true,"result":{"message_id":52,"sender_chat":{"id":-1002094642696,"title":"World Tech","username":"worldtechcannel","type":"channel"},"chat":{"id":-1002094642696,"title":"World Tech","username":"worldtechcannel","type":"channel"},"date":1745487787,"text":"NEW POST 11","has_protected_content":true}}
Sending inline buttons.
{"ok":true,"result":{"message_id":53,"sender_chat":{"id":-1002094642696,"title":"World Tech","username":"worldtechcannel","type":"channel"},"chat":{"id":-1002094642696,"title":"World Tech","username":"worldtechcannel","type":"channel"},"date":1745487788,"text":"See more","reply_markup":{"inline_keyboard":[[{"text":"Read More","url":"http://example.com/"}]]},"has_protected_content":true}}
Finished processing: updates/2025-04-22.md
Processing file: updates/latest.md
Skipping empty file: updates/latest.md
Processing file: updates/2025-04-22.md
Sending text chunk:
** NEW POST 11  **
{"ok":true,"result":{"message_id":54,"sender_chat":{"id":-1002094642696,"title":"World Tech","username":"worldtechcannel","type":"channel"},"chat":{"id":-1002094642696,"title":"World Tech","username":"worldtechcannel","type":"channel"},"date":1745495299,"text":"NEW POST 11","has_protected_content":true}}
Sending inline buttons.
{"ok":true,"result":{"message_id":55,"sender_chat":{"id":-1002094642696,"title":"World Tech","username":"worldtechcannel","type":"channel"},"chat":{"id":-1002094642696,"title":"World Tech","username":"worldtechcannel","type":"channel"},"date":1745495300,"text":"See more","reply_markup":{"inline_keyboard":[[{"text":"Read More","url":"http://example.com/"}]]},"has_protected_content":true}}
Finished processing: updates/2025-04-22.md
Processing file: updates/latest.md
Skipping empty file: updates/latest.md
Processing file: updates/2025-04-22.md
Sending text chunk:
** NEW POST 11  **
{"ok":true,"result":{"message_id":56,"sender_chat":{"id":-1002094642696,"title":"World Tech","username":"worldtechcannel","type":"channel"},"chat":{"id":-1002094642696,"title":"World Tech","username":"worldtechcannel","type":"channel"},"date":1745526384,"text":"NEW POST 11","has_protected_content":true}}
Sending inline buttons.
{"ok":true,"result":{"message_id":57,"sender_chat":{"id":-1002094642696,"title":"World Tech","username":"worldtechcannel","type":"channel"},"chat":{"id":-1002094642696,"title":"World Tech","username":"worldtechcannel","type":"channel"},"date":1745526385,"text":"See more","reply_markup":{"inline_keyboard":[[{"text":"Read More","url":"http://example.com/"}]]},"has_protected_content":true}}
Finished processing: updates/2025-04-22.md
Processing file: updates/latest.md
Skipping empty file: updates/latest.md
Processing file: updates/2025-04-22.md
Sending text chunk:
** NEW POST 11  **
{"ok":true,"result":{"message_id":58,"sender_chat":{"id":-1002094642696,"title":"World Tech","username":"worldtechcannel","type":"channel"},"chat":{"id":-1002094642696,"title":"World Tech","username":"worldtechcannel","type":"channel"},"date":1745527670,"text":"NEW POST 11","has_protected_content":true}}
Sending inline buttons.
{"ok":true,"result":{"message_id":59,"sender_chat":{"id":-1002094642696,"title":"World Tech","username":"worldtechcannel","type":"channel"},"chat":{"id":-1002094642696,"title":"World Tech","username":"worldtechcannel","type":"channel"},"date":1745527670,"text":"See more","reply_markup":{"inline_keyboard":[[{"text":"Read More","url":"http://example.com/"}]]},"has_protected_content":true}}
Finished processing: updates/2025-04-22.md
Processing file: updates/latest.md
Skipping empty file: updates/latest.md
Sending text chunk:
** NEW POST 11  **
{"ok":true,"result":{"message_id":60,"sender_chat":{"id":-1002094642696,"title":"World Tech","username":"worldtechcannel","type":"channel"},"chat":{"id":-1002094642696,"title":"World Tech","username":"worldtechcannel","type":"channel"},"date":1745528316,"text":"NEW POST 11","has_protected_content":true}}
Sending inline buttons.
{"ok":true,"result":{"message_id":61,"sender_chat":{"id":-1002094642696,"title":"World Tech","username":"worldtechcannel","type":"channel"},"chat":{"id":-1002094642696,"title":"World Tech","username":"worldtechcannel","type":"channel"},"date":1745528317,"text":"See more","reply_markup":{"inline_keyboard":[[{"text":"Read More","url":"http://example.com/"}]]},"has_protected_content":true}}
Sending text chunk:
** NEW POST 11  **
{"ok":true,"result":{"message_id":62,"sender_chat":{"id":-1002094642696,"title":"World Tech","username":"worldtechcannel","type":"channel"},"chat":{"id":-1002094642696,"title":"World Tech","username":"worldtechcannel","type":"channel"},"date":1745529665,"text":"NEW POST 11","has_protected_content":true}}
Sending inline buttons.
{"ok":true,"result":{"message_id":63,"sender_chat":{"id":-1002094642696,"title":"World Tech","username":"worldtechcannel","type":"channel"},"chat":{"id":-1002094642696,"title":"World Tech","username":"worldtechcannel","type":"channel"},"date":1745529666,"text":"See more","reply_markup":{"inline_keyboard":[[{"text":"Read More","url":"http://example.com/"}]]},"has_protected_content":true}}
Sending text chunk:
** NEW POST 11  **
{"ok":true,"result":{"message_id":64,"sender_chat":{"id":-1002094642696,"title":"World Tech","username":"worldtechcannel","type":"channel"},"chat":{"id":-1002094642696,"title":"World Tech","username":"worldtechcannel","type":"channel"},"date":1745534328,"text":"NEW POST 11","has_protected_content":true}}
Sending inline buttons.
{"ok":true,"result":{"message_id":65,"sender_chat":{"id":-1002094642696,"title":"World Tech","username":"worldtechcannel","type":"channel"},"chat":{"id":-1002094642696,"title":"World Tech","username":"worldtechcannel","type":"channel"},"date":1745534328,"text":"See more","reply_markup":{"inline_keyboard":[[{"text":"Read More","url":"http://example.com/"}]]},"has_protected_content":true}}
Sending text chunk:
** NEW POST 11  **
{"ok":true,"result":{"message_id":66,"sender_chat":{"id":-1002094642696,"title":"World Tech","username":"worldtechcannel","type":"channel"},"chat":{"id":-1002094642696,"title":"World Tech","username":"worldtechcannel","type":"channel"},"date":1745569705,"text":"NEW POST 11","has_protected_content":true}}
Sending inline buttons.
{"ok":true,"result":{"message_id":67,"sender_chat":{"id":-1002094642696,"title":"World Tech","username":"worldtechcannel","type":"channel"},"chat":{"id":-1002094642696,"title":"World Tech","username":"worldtechcannel","type":"channel"},"date":1745569706,"text":"See more","reply_markup":{"inline_keyboard":[[{"text":"Read More","url":"http://example.com/"}]]},"has_protected_content":true}}
Sending text chunk:
** NEW POST 11  **
{"ok":true,"result":{"message_id":68,"sender_chat":{"id":-1002094642696,"title":"World Tech","username":"worldtechcannel","type":"channel"},"chat":{"id":-1002094642696,"title":"World Tech","username":"worldtechcannel","type":"channel"},"date":1745655911,"text":"NEW POST 11","has_protected_content":true}}
Sending inline buttons.
{"ok":true,"result":{"message_id":69,"sender_chat":{"id":-1002094642696,"title":"World Tech","username":"worldtechcannel","type":"channel"},"chat":{"id":-1002094642696,"title":"World Tech","username":"worldtechcannel","type":"channel"},"date":1745655911,"text":"See more","reply_markup":{"inline_keyboard":[[{"text":"Read More","url":"http://example.com/"}]]},"has_protected_content":true}}
Sending text chunk:
** NEW POST 11  **
{"ok":true,"result":{"message_id":70,"sender_chat":{"id":-1002094642696,"title":"World Tech","username":"worldtechcannel","type":"channel"},"chat":{"id":-1002094642696,"title":"World Tech","username":"worldtechcannel","type":"channel"},"date":1745659962,"text":"NEW POST 11","has_protected_content":true}}
Sending inline buttons.
{"ok":true,"result":{"message_id":71,"sender_chat":{"id":-1002094642696,"title":"World Tech","username":"worldtechcannel","type":"channel"},"chat":{"id":-1002094642696,"title":"World Tech","username":"worldtechcannel","type":"channel"},"date":1745659962,"text":"See more","reply_markup":{"inline_keyboard":[[{"text":"Read More","url":"http://example.com/"}]]},"has_protected_content":true}}
Sending text chunk:
** NEW POST 11  **
{"ok":true,"result":{"message_id":72,"sender_chat":{"id":-1002094642696,"title":"World Tech","username":"worldtechcannel","type":"channel"},"chat":{"id":-1002094642696,"title":"World Tech","username":"worldtechcannel","type":"channel"},"date":1745742284,"text":"NEW POST 11","has_protected_content":true}}
Sending inline buttons.
{"ok":true,"result":{"message_id":73,"sender_chat":{"id":-1002094642696,"title":"World Tech","username":"worldtechcannel","type":"channel"},"chat":{"id":-1002094642696,"title":"World Tech","username":"worldtechcannel","type":"channel"},"date":1745742285,"text":"See more","reply_markup":{"inline_keyboard":[[{"text":"Read More","url":"http://example.com/"}]]},"has_protected_content":true}}
